<?xml version="1.0" encoding="UTF-8"?>
<!-- Generated by org.testng.reporters.JUnitReportReporter -->
<testsuite skipped="0" hostname="DESKTOP-5BDCR5P" name="com.nopcommerce.demo.testsuite.computer.TestSuite" tests="3" failures="0" timestamp="2022-12-13T13:24:28 GMT" time="58.031" errors="0">
  <testcase name="verifyProductAddedToShoppingCartSuccessFully" time="39.607" classname="com.nopcommerce.demo.testsuite.computer.TestSuite"/>
  <system-out>
    <![CDATA[Hovering over Computer [[ChromeDriver: chrome on WINDOWS (13c829e2d59a55295f2ae82cb996c176)] -> xpath: //ul[@class='top-menu notmobile']/li/a[text()='Computers ']]
Clicking on desktop [[ChromeDriver: chrome on WINDOWS (13c829e2d59a55295f2ae82cb996c176)] -> xpath: //ul[@class='top-menu notmobile']//a[text()='Desktops ']]
Clicking on credit card payment type radio button [[ChromeDriver: chrome on WINDOWS (13c829e2d59a55295f2ae82cb996c176)] -> xpath: //select[@id='products-orderby']]
Clicking on add to cart button [[ChromeDriver: chrome on WINDOWS (13c829e2d59a55295f2ae82cb996c176)] -> xpath: //div[@data-productid='1']//button[text()='Add to cart']]
Getting build your own computer text [[ChromeDriver: chrome on WINDOWS (13c829e2d59a55295f2ae82cb996c176)] -> xpath: //h1[contains(text(),'Build your own computer')]]
selecting processor 2.2 GHz Intel Pentium Dual-Core E2200
selecting RAM 8GB [+$60.00]
Clicking on HDD 400GB [[ChromeDriver: chrome on WINDOWS (13c829e2d59a55295f2ae82cb996c176)] -> xpath: //input[@id='product_attribute_3_7']]
Clicking on OS Vista Premium [[ChromeDriver: chrome on WINDOWS (13c829e2d59a55295f2ae82cb996c176)] -> xpath: //label[text()='Vista Premium [+$60.00]']]
Clicking on total commander Button [[ChromeDriver: chrome on WINDOWS (13c829e2d59a55295f2ae82cb996c176)] -> xpath: //input[@id='product_attribute_5_12']]
Getting actual price text [[ChromeDriver: chrome on WINDOWS (13c829e2d59a55295f2ae82cb996c176)] -> xpath: //div[@class='product-price']/span]
Clicking on add to cart Button [[ChromeDriver: chrome on WINDOWS (13c829e2d59a55295f2ae82cb996c176)] -> xpath: //button[@id='add-to-cart-button-1']]
Getting added to cart message [[ChromeDriver: chrome on WINDOWS (13c829e2d59a55295f2ae82cb996c176)] -> xpath: //div[@class='bar-notification success']/p]
Clicking on close button [[ChromeDriver: chrome on WINDOWS (13c829e2d59a55295f2ae82cb996c176)] -> xpath: //div[@class='bar-notification success']/span]
hovering on shopping cart [[ChromeDriver: chrome on WINDOWS (13c829e2d59a55295f2ae82cb996c176)] -> xpath: //span[contains(text(),'Shopping cart')]]
Clicking on go to cart Button [[ChromeDriver: chrome on WINDOWS (13c829e2d59a55295f2ae82cb996c176)] -> xpath: //button[contains(text(),'Go to cart')]]
Getting shopping cart text [[ChromeDriver: chrome on WINDOWS (13c829e2d59a55295f2ae82cb996c176)] -> xpath: //h1[contains(text(),'Shopping cart')]]
Clearing quantity
Enter quantity 2to email field [[ChromeDriver: chrome on WINDOWS (13c829e2d59a55295f2ae82cb996c176)] -> xpath: //input[@class='qty-input']]
Clicking on update shopping cart Button [[ChromeDriver: chrome on WINDOWS (13c829e2d59a55295f2ae82cb996c176)] -> xpath: //button[@class='button-2 update-cart-button']]
Getting total price [[ChromeDriver: chrome on WINDOWS (13c829e2d59a55295f2ae82cb996c176)] -> xpath: //span[@class='value-summary']/strong]
Clicking on terms of service [[ChromeDriver: chrome on WINDOWS (13c829e2d59a55295f2ae82cb996c176)] -> xpath: //input[@name='termsofservice']]
Clicking on checkout Button [[ChromeDriver: chrome on WINDOWS (13c829e2d59a55295f2ae82cb996c176)] -> xpath: //button[@name='checkout']]
Getting welcome text [[ChromeDriver: chrome on WINDOWS (13c829e2d59a55295f2ae82cb996c176)] -> xpath: //div[@class='page-title']/h1]
Clicking on checkout as guest [[ChromeDriver: chrome on WINDOWS (13c829e2d59a55295f2ae82cb996c176)] -> xpath: //button[@class='button-1 checkout-as-guest-button']]
Enter first namePrimeto field [[ChromeDriver: chrome on WINDOWS (13c829e2d59a55295f2ae82cb996c176)] -> id: BillingNewAddress_FirstName]
Enter last nameTesterto field [[ChromeDriver: chrome on WINDOWS (13c829e2d59a55295f2ae82cb996c176)] -> id: BillingNewAddress_LastName]
Enter emailprimetesterto email field [[ChromeDriver: chrome on WINDOWS (13c829e2d59a55295f2ae82cb996c176)] -> id: BillingNewAddress_Email]
selecting United States
selecting Alaska
Enter city City XYZto field [[ChromeDriver: chrome on WINDOWS (13c829e2d59a55295f2ae82cb996c176)] -> id: BillingNewAddress_City]
Enter address1 XYZ Streetto address field [[ChromeDriver: chrome on WINDOWS (13c829e2d59a55295f2ae82cb996c176)] -> id: BillingNewAddress_Address1]
Enter postcodeAB78CDto field [[ChromeDriver: chrome on WINDOWS (13c829e2d59a55295f2ae82cb996c176)] -> id: BillingNewAddress_ZipPostalCode]
Enter phone number56787575486to field [[ChromeDriver: chrome on WINDOWS (13c829e2d59a55295f2ae82cb996c176)] -> id: BillingNewAddress_PhoneNumber]
Clicking on continue Button [[ChromeDriver: chrome on WINDOWS (13c829e2d59a55295f2ae82cb996c176)] -> xpath: //div[@id='billing-buttons-container']/button[@class='button-1 new-address-next-step-button']]
Clicking on shipping Button [[ChromeDriver: chrome on WINDOWS (13c829e2d59a55295f2ae82cb996c176)] -> xpath: //input[@value='Next Day Air___Shipping.FixedByWeightByTotal']]
Clicking on continue Button [[ChromeDriver: chrome on WINDOWS (13c829e2d59a55295f2ae82cb996c176)] -> xpath: //button[@class='button-1 shipping-method-next-step-button']]
Clicking on credit card payment type radio button [[ChromeDriver: chrome on WINDOWS (13c829e2d59a55295f2ae82cb996c176)] -> xpath: //input[@id='paymentmethod_1']]
Clicking on continue Button [[ChromeDriver: chrome on WINDOWS (13c829e2d59a55295f2ae82cb996c176)] -> xpath: //button[@class='button-1 payment-method-next-step-button']]
selecting Master card
Enter card holder nameMr John Smithto field [[ChromeDriver: chrome on WINDOWS (13c829e2d59a55295f2ae82cb996c176)] -> id: CardholderName]
Enter card number5555555555554444to card number field [[ChromeDriver: chrome on WINDOWS (13c829e2d59a55295f2ae82cb996c176)] -> id: CardNumber]
selecting 02
selecting 2023
Enter CVV code123to field [[ChromeDriver: chrome on WINDOWS (13c829e2d59a55295f2ae82cb996c176)] -> xpath: //input[@id='CardCode']]
Clicking on continue Button [[ChromeDriver: chrome on WINDOWS (13c829e2d59a55295f2ae82cb996c176)] -> xpath: //button[@class='button-1 payment-info-next-step-button']]
Getting payment method text [[ChromeDriver: chrome on WINDOWS (13c829e2d59a55295f2ae82cb996c176)] -> xpath: //li[@class='payment-method']/span[@class='value']]
Getting shipping text [[ChromeDriver: chrome on WINDOWS (13c829e2d59a55295f2ae82cb996c176)] -> xpath: //li[@class='shipping-method']/span[@class='value']]
Getting expected total amount text [[ChromeDriver: chrome on WINDOWS (13c829e2d59a55295f2ae82cb996c176)] -> xpath: //span[@class='product-subtotal']]
Clicking on confirm [[ChromeDriver: chrome on WINDOWS (13c829e2d59a55295f2ae82cb996c176)] -> xpath: //button[@class='button-1 confirm-order-next-step-button']]
Getting thank you text [[ChromeDriver: chrome on WINDOWS (13c829e2d59a55295f2ae82cb996c176)] -> xpath: //h1[contains(text(),'Thank you')]]
Getting order successfully placed message [[ChromeDriver: chrome on WINDOWS (13c829e2d59a55295f2ae82cb996c176)] -> xpath: //div[@class='section order-completed']/div[@class='title']/strong]
Clicking on continue Button [[ChromeDriver: chrome on WINDOWS (13c829e2d59a55295f2ae82cb996c176)] -> xpath: //button[@class='button-1 order-completed-continue-button']]
Getting welcome text [[ChromeDriver: chrome on WINDOWS (13c829e2d59a55295f2ae82cb996c176)] -> xpath: //div[@class='topic-block-title']/h2]
Click to see screenshot
<a target = "_blank" href=C:\Users\krupa\IdeaProjects\com-nopcommerce-pagefactorymodel/test-output/html/verifyProductAddedToShoppingCartSuccessFullyTue_Dec_13_13_24_14_GMT_2022.jpg>Screenshot</a>
<br>
<br>
<a target = "_blank" href=C:\Users\krupa\IdeaProjects\com-nopcommerce-pagefactorymodel/test-output/html/verifyProductAddedToShoppingCartSuccessFullyTue_Dec_13_13_24_14_GMT_2022.jpg><img src=C:\Users\krupa\IdeaProjects\com-nopcommerce-pagefactorymodel/test-output/html/verifyProductAddedToShoppingCartSuccessFullyTue_Dec_13_13_24_14_GMT_2022.jpg height=200 width=200></img></a>]]>
  </system-out>
  <testcase name="verifyProductArrangeInAlphabeticalOrder" time="7.738" classname="com.nopcommerce.demo.testsuite.computer.TestSuite"/>
  <system-out>
    <![CDATA[Hovering over Computer [[ChromeDriver: chrome on WINDOWS (6c0d6182f9960df3d8aba8243e956d6d)] -> xpath: //ul[@class='top-menu notmobile']/li/a[text()='Computers ']]
Clicking on desktop [[ChromeDriver: chrome on WINDOWS (6c0d6182f9960df3d8aba8243e956d6d)] -> xpath: //ul[@class='top-menu notmobile']//a[text()='Desktops ']]
Clicking on sort by Z to A [[ChromeDriver: chrome on WINDOWS (6c0d6182f9960df3d8aba8243e956d6d)] -> xpath: //select[@id='products-orderby']]
Click to see screenshot
<a target = "_blank" href=C:\Users\krupa\IdeaProjects\com-nopcommerce-pagefactorymodel/test-output/html/verifyProductArrangeInAlphabeticalOrderTue_Dec_13_13_24_24_GMT_2022.jpg>Screenshot</a>
<br>
<br>
<a target = "_blank" href=C:\Users\krupa\IdeaProjects\com-nopcommerce-pagefactorymodel/test-output/html/verifyProductArrangeInAlphabeticalOrderTue_Dec_13_13_24_24_GMT_2022.jpg><img src=C:\Users\krupa\IdeaProjects\com-nopcommerce-pagefactorymodel/test-output/html/verifyProductArrangeInAlphabeticalOrderTue_Dec_13_13_24_24_GMT_2022.jpg height=200 width=200></img></a>]]>
  </system-out>
  <testcase name="test" time="10.686" classname="com.nopcommerce.demo.testsuite.computer.TestSuite"/>
  <system-out>
    <![CDATA[Click to see screenshot
<a target = "_blank" href=C:\Users\krupa\IdeaProjects\com-nopcommerce-pagefactorymodel/test-output/html/testTue_Dec_13_13_23_32_GMT_2022.jpg>Screenshot</a>
<br>
<br>
<a target = "_blank" href=C:\Users\krupa\IdeaProjects\com-nopcommerce-pagefactorymodel/test-output/html/testTue_Dec_13_13_23_32_GMT_2022.jpg><img src=C:\Users\krupa\IdeaProjects\com-nopcommerce-pagefactorymodel/test-output/html/testTue_Dec_13_13_23_32_GMT_2022.jpg height=200 width=200></img></a>]]>
  </system-out>
</testsuite> <!-- com.nopcommerce.demo.testsuite.computer.TestSuite -->
